CRITICAL - 2024-07-18 15:09:22 --> Error: Class "app\Models\ClientesModel" not found
[Method: POST, Route: agregar_cliente]
in APPPATH\Controllers\ClientesController.php on line 30.
 1 SYSTEMPATH\CodeIgniter.php(933): App\Controllers\ClientesController->agregarCliente()
 2 SYSTEMPATH\CodeIgniter.php(509): CodeIgniter\CodeIgniter->runController(Object(App\Controllers\ClientesController))
 3 SYSTEMPATH\CodeIgniter.php(355): CodeIgniter\CodeIgniter->handleRequest(null, Object(Config\Cache), false)
 4 SYSTEMPATH\Boot.php(325): CodeIgniter\CodeIgniter->run()
 5 SYSTEMPATH\Boot.php(67): CodeIgniter\Boot::runCodeIgniter(Object(CodeIgniter\CodeIgniter))
 6 FCPATH\index.php(56): CodeIgniter\Boot::bootWeb(Object(Config\Paths))
CRITICAL - 2024-07-18 15:10:05 --> Error: Class "app\Models\ClientesModel" not found
[Method: POST, Route: agregar_cliente]
in APPPATH\Controllers\ClientesController.php on line 30.
 1 SYSTEMPATH\CodeIgniter.php(933): App\Controllers\ClientesController->agregarCliente()
 2 SYSTEMPATH\CodeIgniter.php(509): CodeIgniter\CodeIgniter->runController(Object(App\Controllers\ClientesController))
 3 SYSTEMPATH\CodeIgniter.php(355): CodeIgniter\CodeIgniter->handleRequest(null, Object(Config\Cache), false)
 4 SYSTEMPATH\Boot.php(325): CodeIgniter\CodeIgniter->run()
 5 SYSTEMPATH\Boot.php(67): CodeIgniter\Boot::runCodeIgniter(Object(CodeIgniter\CodeIgniter))
 6 FCPATH\index.php(56): CodeIgniter\Boot::bootWeb(Object(Config\Paths))
CRITICAL - 2024-07-18 16:39:58 --> TypeError: App\Controllers\PlanesController::agregarPlan(): Return value must be of type string, CodeIgniter\HTTP\RedirectResponse returned
[Method: POST, Route: agregar_plan]
in APPPATH\Controllers\PlanesController.php on line 45.
 1 SYSTEMPATH\CodeIgniter.php(933): App\Controllers\PlanesController->agregarPlan()
 2 SYSTEMPATH\CodeIgniter.php(509): CodeIgniter\CodeIgniter->runController(Object(App\Controllers\PlanesController))
 3 SYSTEMPATH\CodeIgniter.php(355): CodeIgniter\CodeIgniter->handleRequest(null, Object(Config\Cache), false)
 4 SYSTEMPATH\Boot.php(325): CodeIgniter\CodeIgniter->run()
 5 SYSTEMPATH\Boot.php(67): CodeIgniter\Boot::runCodeIgniter(Object(CodeIgniter\CodeIgniter))
 6 FCPATH\index.php(56): CodeIgniter\Boot::bootWeb(Object(Config\Paths))
CRITICAL - 2024-07-18 16:40:26 --> TypeError: App\Controllers\PlanesController::agregarPlan(): Return value must be of type string, CodeIgniter\HTTP\RedirectResponse returned
[Method: POST, Route: agregar_plan]
in APPPATH\Controllers\PlanesController.php on line 45.
 1 SYSTEMPATH\CodeIgniter.php(933): App\Controllers\PlanesController->agregarPlan()
 2 SYSTEMPATH\CodeIgniter.php(509): CodeIgniter\CodeIgniter->runController(Object(App\Controllers\PlanesController))
 3 SYSTEMPATH\CodeIgniter.php(355): CodeIgniter\CodeIgniter->handleRequest(null, Object(Config\Cache), false)
 4 SYSTEMPATH\Boot.php(325): CodeIgniter\CodeIgniter->run()
 5 SYSTEMPATH\Boot.php(67): CodeIgniter\Boot::runCodeIgniter(Object(CodeIgniter\CodeIgniter))
 6 FCPATH\index.php(56): CodeIgniter\Boot::bootWeb(Object(Config\Paths))
CRITICAL - 2024-07-18 16:40:44 --> TypeError: App\Controllers\PlanesController::agregarPlan(): Return value must be of type string, CodeIgniter\HTTP\RedirectResponse returned
[Method: POST, Route: agregar_plan]
in APPPATH\Controllers\PlanesController.php on line 45.
 1 SYSTEMPATH\CodeIgniter.php(933): App\Controllers\PlanesController->agregarPlan()
 2 SYSTEMPATH\CodeIgniter.php(509): CodeIgniter\CodeIgniter->runController(Object(App\Controllers\PlanesController))
 3 SYSTEMPATH\CodeIgniter.php(355): CodeIgniter\CodeIgniter->handleRequest(null, Object(Config\Cache), false)
 4 SYSTEMPATH\Boot.php(325): CodeIgniter\CodeIgniter->run()
 5 SYSTEMPATH\Boot.php(67): CodeIgniter\Boot::runCodeIgniter(Object(CodeIgniter\CodeIgniter))
 6 FCPATH\index.php(56): CodeIgniter\Boot::bootWeb(Object(Config\Paths))
